# JRE version: Java(TM) SE Runtime Environment (8.0_121-b13) (build 1.8.0_121-b13)
# Java VM: Java HotSpot(TM) 64-Bit Server VM (25.121-b13 mixed mode windows-amd64 compressed oops)
Heap:
 PSYoungGen      total 701440K, used 418658K [0x0000000755580000, 0x0000000786980000, 0x00000007c0000000)
  eden space 624640K, 59% used [0x0000000755580000,0x000000076bdb4aa8,0x000000077b780000)
  from space 76800K, 64% used [0x0000000781e80000,0x0000000784f23e30,0x0000000786980000)
  to   space 91136K, 0% used [0x000000077b780000,0x000000077b780000,0x0000000781080000)
 ParOldGen       total 297472K, used 185848K [0x0000000680000000, 0x0000000692280000, 0x0000000755580000)
  object space 297472K, 62% used [0x0000000680000000,0x000000068b57e250,0x0000000692280000)
 Metaspace       used 73649K, capacity 75568K, committed 75864K, reserved 1116160K
  class space    used 9417K, capacity 9806K, committed 9856K, reserved 1048576K
GC Heap History (10 events):
Event: 636.740 GC heap before
{Heap before GC invocations=35 (full 5):
 PSYoungGen      total 562176K, used 516608K [0x0000000755580000, 0x0000000786e80000, 0x00000007c0000000)
  eden space 516608K, 100% used [0x0000000755580000,0x0000000774e00000,0x0000000774e00000)
  from space 45568K, 0% used [0x0000000774e00000,0x0000000774e00000,0x0000000777a80000)
  to   space 81920K, 0% used [0x0000000781e80000,0x0000000781e80000,0x0000000786e80000)
 ParOldGen       total 297472K, used 161472K [0x0000000680000000, 0x0000000692280000, 0x0000000755580000)
  object space 297472K, 54% used [0x0000000680000000,0x0000000689db0190,0x0000000692280000)
 Metaspace       used 73119K, capacity 75060K, committed 75352K, reserved 1114112K
  class space    used 9367K, capacity 9766K, committed 9856K, reserved 1048576K
Event: 637.026 GC heap after
Heap after GC invocations=35 (full 5):
 PSYoungGen      total 701440K, used 65352K [0x0000000755580000, 0x0000000786980000, 0x00000007c0000000)
  eden space 624640K, 0% used [0x0000000755580000,0x0000000755580000,0x000000077b780000)
  from space 76800K, 85% used [0x0000000781e80000,0x0000000785e523d8,0x0000000786980000)
  to   space 91136K, 0% used [0x000000077b780000,0x000000077b780000,0x0000000781080000)
 ParOldGen       total 297472K, used 161472K [0x0000000680000000, 0x0000000692280000, 0x0000000755580000)
  object space 297472K, 54% used [0x0000000680000000,0x0000000689db0190,0x0000000692280000)
 Metaspace       used 73119K, capacity 75060K, committed 75352K, reserved 1114112K
  class space    used 9367K, capacity 9766K, committed 9856K, reserved 1048576K
}
Event: 641.047 GC heap before
{Heap before GC invocations=36 (full 5):
 PSYoungGen      total 701440K, used 689303K [0x0000000755580000, 0x0000000786980000, 0x00000007c0000000)
  eden space 624640K, 99% used [0x0000000755580000,0x000000077b6d39e0,0x000000077b780000)
  from space 76800K, 85% used [0x0000000781e80000,0x0000000785e523d8,0x0000000786980000)
  to   space 91136K, 0% used [0x000000077b780000,0x000000077b780000,0x0000000781080000)
 ParOldGen       total 297472K, used 161472K [0x0000000680000000, 0x0000000692280000, 0x0000000755580000)
  object space 297472K, 54% used [0x0000000680000000,0x0000000689db0190,0x0000000692280000)
 Metaspace       used 73122K, capacity 75060K, committed 75352K, reserved 1114112K
  class space    used 9367K, capacity 9766K, committed 9856K, reserved 1048576K
Event: 641.380 GC heap after
Heap after GC invocations=36 (full 5):
 PSYoungGen      total 715776K, used 12117K [0x0000000755580000, 0x0000000786980000, 0x00000007c0000000)
  eden space 624640K, 0% used [0x0000000755580000,0x0000000755580000,0x000000077b780000)
  from space 91136K, 13% used [0x000000077b780000,0x000000077c355650,0x0000000781080000)
  to   space 76800K, 0% used [0x0000000781e80000,0x0000000781e80000,0x0000000786980000)
 ParOldGen       total 297472K, used 175166K [0x0000000680000000, 0x0000000692280000, 0x0000000755580000)
  object space 297472K, 58% used [0x0000000680000000,0x000000068ab0fb10,0x0000000692280000)
 Metaspace       used 73122K, capacity 75060K, committed 75352K, reserved 1114112K
  class space    used 9367K, capacity 9766K, committed 9856K, reserved 1048576K
}
Event: 650.295 GC heap before
{Heap before GC invocations=37 (full 5):
 PSYoungGen      total 715776K, used 636757K [0x0000000755580000, 0x0000000786980000, 0x00000007c0000000)
  eden space 624640K, 100% used [0x0000000755580000,0x000000077b780000,0x000000077b780000)
  from space 91136K, 13% used [0x000000077b780000,0x000000077c355650,0x0000000781080000)
  to   space 76800K, 0% used [0x0000000781e80000,0x0000000781e80000,0x0000000786980000)
 ParOldGen       total 297472K, used 175166K [0x0000000680000000, 0x0000000692280000, 0x0000000755580000)
  object space 297472K, 58% used [0x0000000680000000,0x000000068ab0fb10,0x0000000692280000)
 Metaspace       used 73124K, capacity 75060K, committed 75352K, reserved 1114112K
  class space    used 9367K, capacity 9766K, committed 9856K, reserved 1048576K
Event: 650.473 GC heap after
Heap after GC invocations=37 (full 5):
 PSYoungGen      total 701440K, used 8084K [0x0000000755580000, 0x0000000786980000, 0x00000007c0000000)
  eden space 624640K, 0% used [0x0000000755580000,0x0000000755580000,0x000000077b780000)
  from space 76800K, 10% used [0x0000000781e80000,0x00000007826652f0,0x0000000786980000)
  to   space 91136K, 0% used [0x000000077b780000,0x000000077b780000,0x0000000781080000)
 ParOldGen       total 297472K, used 177924K [0x0000000680000000, 0x0000000692280000, 0x0000000755580000)
  object space 297472K, 59% used [0x0000000680000000,0x000000068adc10f8,0x0000000692280000)
 Metaspace       used 73124K, capacity 75060K, committed 75352K, reserved 1114112K
  class space    used 9367K, capacity 9766K, committed 9856K, reserved 1048576K
}
Event: 654.485 GC heap before
{Heap before GC invocations=38 (full 5):
 PSYoungGen      total 701440K, used 632601K [0x0000000755580000, 0x0000000786980000, 0x00000007c0000000)
  eden space 624640K, 99% used [0x0000000755580000,0x000000077b761378,0x000000077b780000)
  from space 76800K, 10% used [0x0000000781e80000,0x00000007826652f0,0x0000000786980000)
  to   space 91136K, 0% used [0x000000077b780000,0x000000077b780000,0x0000000781080000)
 ParOldGen       total 297472K, used 177924K [0x0000000680000000, 0x0000000692280000, 0x0000000755580000)
  object space 297472K, 59% used [0x0000000680000000,0x000000068adc10f8,0x0000000692280000)
 Metaspace       used 73128K, capacity 75060K, committed 75352K, reserved 1114112K
  class space    used 9368K, capacity 9766K, committed 9856K, reserved 1048576K
Event: 654.595 GC heap after
Heap after GC invocations=38 (full 5):
 PSYoungGen      total 715776K, used 25628K [0x0000000755580000, 0x0000000786980000, 0x00000007c0000000)
  eden space 624640K, 0% used [0x0000000755580000,0x0000000755580000,0x000000077b780000)
  from space 91136K, 28% used [0x000000077b780000,0x000000077d0871d8,0x0000000781080000)
  to   space 76800K, 0% used [0x0000000781e80000,0x0000000781e80000,0x0000000786980000)
 ParOldGen       total 297472K, used 181794K [0x0000000680000000, 0x0000000692280000, 0x0000000755580000)
  object space 297472K, 61% used [0x0000000680000000,0x000000068b188a88,0x0000000692280000)
 Metaspace       used 73128K, capacity 75060K, committed 75352K, reserved 1114112K
  class space    used 9368K, capacity 9766K, committed 9856K, reserved 1048576K
}
Event: 657.754 GC heap before
{Heap before GC invocations=39 (full 5):
 PSYoungGen      total 715776K, used 650243K [0x0000000755580000, 0x0000000786980000, 0x00000007c0000000)
  eden space 624640K, 99% used [0x0000000755580000,0x000000077b779cb8,0x000000077b780000)
  from space 91136K, 28% used [0x000000077b780000,0x000000077d0871d8,0x0000000781080000)
  to   space 76800K, 0% used [0x0000000781e80000,0x0000000781e80000,0x0000000786980000)
 ParOldGen       total 297472K, used 181794K [0x0000000680000000, 0x0000000692280000, 0x0000000755580000)
  object space 297472K, 61% used [0x0000000680000000,0x000000068b188a88,0x0000000692280000)
 Metaspace       used 73149K, capacity 75060K, committed 75352K, reserved 1114112K
  class space    used 9369K, capacity 9766K, committed 9856K, reserved 1048576K
Event: 657.864 GC heap after
Heap after GC invocations=39 (full 5):
 PSYoungGen      total 701440K, used 49807K [0x0000000755580000, 0x0000000786980000, 0x00000007c0000000)
  eden space 624640K, 0% used [0x0000000755580000,0x0000000755580000,0x000000077b780000)
  from space 76800K, 64% used [0x0000000781e80000,0x0000000784f23e30,0x0000000786980000)
  to   space 91136K, 0% used [0x000000077b780000,0x000000077b780000,0x0000000781080000)
 ParOldGen       total 297472K, used 185848K [0x0000000680000000, 0x0000000692280000, 0x0000000755580000)
  object space 297472K, 62% used [0x0000000680000000,0x000000068b57e250,0x0000000692280000)
 Metaspace       used 73149K, capacity 75060K, committed 75352K, reserved 1114112K
  class space    used 9369K, capacity 9766K, committed 9856K, reserved 1048576K
}

