# JRE version: Java(TM) SE Runtime Environment (8.0_121-b13) (build 1.8.0_121-b13)
# Java VM: Java HotSpot(TM) 64-Bit Server VM (25.121-b13 mixed mode windows-amd64 compressed oops)
Heap:
 PSYoungGen      total 172544K, used 137633K [0x0000000755580000, 0x0000000764100000, 0x00000007c0000000)
  eden space 113664K, 82% used [0x0000000755580000,0x000000075b0fc8c0,0x000000075c480000)
  from space 58880K, 74% used [0x000000075c480000,0x000000075ef6bda8,0x000000075fe00000)
  to   space 50176K, 0% used [0x000000075fe00000,0x000000075fe00000,0x0000000762f00000)
 ParOldGen       total 165888K, used 134014K [0x0000000680000000, 0x000000068a200000, 0x0000000755580000)
  object space 165888K, 80% used [0x0000000680000000,0x00000006882df9f8,0x000000068a200000)
 Metaspace       used 54434K, capacity 56096K, committed 56320K, reserved 1097728K
  class space    used 7326K, capacity 7669K, committed 7680K, reserved 1048576K
GC Heap History (10 events):
Event: 100.959 GC heap before
{Heap before GC invocations=22 (full 3):
 PSYoungGen      total 117248K, used 95281K [0x0000000755580000, 0x0000000761d00000, 0x00000007c0000000)
  eden space 92672K, 100% used [0x0000000755580000,0x000000075b000000,0x000000075b000000)
  from space 24576K, 10% used [0x000000075d980000,0x000000075dc0c728,0x000000075f180000)
  to   space 42496K, 0% used [0x000000075b000000,0x000000075b000000,0x000000075d980000)
 ParOldGen       total 165888K, used 76963K [0x0000000680000000, 0x000000068a200000, 0x0000000755580000)
  object space 165888K, 46% used [0x0000000680000000,0x0000000684b28c98,0x000000068a200000)
 Metaspace       used 53933K, capacity 55648K, committed 55808K, reserved 1097728K
  class space    used 7316K, capacity 7669K, committed 7680K, reserved 1048576K
Event: 101.088 GC heap after
Heap after GC invocations=22 (full 3):
 PSYoungGen      total 135168K, used 42492K [0x0000000755580000, 0x0000000762f00000, 0x00000007c0000000)
  eden space 92672K, 0% used [0x0000000755580000,0x0000000755580000,0x000000075b000000)
  from space 42496K, 99% used [0x000000075b000000,0x000000075d97f330,0x000000075d980000)
  to   space 50176K, 0% used [0x000000075fe00000,0x000000075fe00000,0x0000000762f00000)
 ParOldGen       total 165888K, used 78675K [0x0000000680000000, 0x000000068a200000, 0x0000000755580000)
  object space 165888K, 47% used [0x0000000680000000,0x0000000684cd4c48,0x000000068a200000)
 Metaspace       used 53933K, capacity 55648K, committed 55808K, reserved 1097728K
  class space    used 7316K, capacity 7669K, committed 7680K, reserved 1048576K
}
Event: 102.797 GC heap before
{Heap before GC invocations=23 (full 3):
 PSYoungGen      total 135168K, used 135164K [0x0000000755580000, 0x0000000762f00000, 0x00000007c0000000)
  eden space 92672K, 100% used [0x0000000755580000,0x000000075b000000,0x000000075b000000)
  from space 42496K, 99% used [0x000000075b000000,0x000000075d97f330,0x000000075d980000)
  to   space 50176K, 0% used [0x000000075fe00000,0x000000075fe00000,0x0000000762f00000)
 ParOldGen       total 165888K, used 78675K [0x0000000680000000, 0x000000068a200000, 0x0000000755580000)
  object space 165888K, 47% used [0x0000000680000000,0x0000000684cd4c48,0x000000068a200000)
 Metaspace       used 54066K, capacity 55776K, committed 55808K, reserved 1097728K
  class space    used 7317K, capacity 7669K, committed 7680K, reserved 1048576K
Event: 102.951 GC heap after
Heap after GC invocations=23 (full 3):
 PSYoungGen      total 163840K, used 50162K [0x0000000755580000, 0x0000000764100000, 0x00000007c0000000)
  eden space 113664K, 0% used [0x0000000755580000,0x0000000755580000,0x000000075c480000)
  from space 50176K, 99% used [0x000000075fe00000,0x0000000762efc9d0,0x0000000762f00000)
  to   space 58880K, 0% used [0x000000075c480000,0x000000075c480000,0x000000075fe00000)
 ParOldGen       total 165888K, used 78683K [0x0000000680000000, 0x000000068a200000, 0x0000000755580000)
  object space 165888K, 47% used [0x0000000680000000,0x0000000684cd6c48,0x000000068a200000)
 Metaspace       used 54066K, capacity 55776K, committed 55808K, reserved 1097728K
  class space    used 7317K, capacity 7669K, committed 7680K, reserved 1048576K
}
Event: 105.425 GC heap before
{Heap before GC invocations=24 (full 3):
 PSYoungGen      total 163840K, used 163826K [0x0000000755580000, 0x0000000764100000, 0x00000007c0000000)
  eden space 113664K, 100% used [0x0000000755580000,0x000000075c480000,0x000000075c480000)
  from space 50176K, 99% used [0x000000075fe00000,0x0000000762efc9d0,0x0000000762f00000)
  to   space 58880K, 0% used [0x000000075c480000,0x000000075c480000,0x000000075fe00000)
 ParOldGen       total 165888K, used 78683K [0x0000000680000000, 0x000000068a200000, 0x0000000755580000)
  object space 165888K, 47% used [0x0000000680000000,0x0000000684cd6c48,0x000000068a200000)
 Metaspace       used 54200K, capacity 55840K, committed 56064K, reserved 1097728K
  class space    used 7318K, capacity 7669K, committed 7680K, reserved 1048576K
Event: 105.580 GC heap after
Heap after GC invocations=24 (full 3):
 PSYoungGen      total 172544K, used 56779K [0x0000000755580000, 0x0000000764100000, 0x00000007c0000000)
  eden space 113664K, 0% used [0x0000000755580000,0x0000000755580000,0x000000075c480000)
  from space 58880K, 96% used [0x000000075c480000,0x000000075fbf2ce8,0x000000075fe00000)
  to   space 50176K, 0% used [0x000000075fe00000,0x000000075fe00000,0x0000000762f00000)
 ParOldGen       total 165888K, used 78699K [0x0000000680000000, 0x000000068a200000, 0x0000000755580000)
  object space 165888K, 47% used [0x0000000680000000,0x0000000684cdac48,0x000000068a200000)
 Metaspace       used 54200K, capacity 55840K, committed 56064K, reserved 1097728K
  class space    used 7318K, capacity 7669K, committed 7680K, reserved 1048576K
}
Event: 107.038 GC heap before
{Heap before GC invocations=25 (full 3):
 PSYoungGen      total 172544K, used 170443K [0x0000000755580000, 0x0000000764100000, 0x00000007c0000000)
  eden space 113664K, 100% used [0x0000000755580000,0x000000075c480000,0x000000075c480000)
  from space 58880K, 96% used [0x000000075c480000,0x000000075fbf2ce8,0x000000075fe00000)
  to   space 50176K, 0% used [0x000000075fe00000,0x000000075fe00000,0x0000000762f00000)
 ParOldGen       total 165888K, used 78699K [0x0000000680000000, 0x000000068a200000, 0x0000000755580000)
  object space 165888K, 47% used [0x0000000680000000,0x0000000684cdac48,0x000000068a200000)
 Metaspace       used 54412K, capacity 56032K, committed 56064K, reserved 1097728K
  class space    used 7326K, capacity 7669K, committed 7680K, reserved 1048576K
Event: 107.423 GC heap after
Heap after GC invocations=25 (full 3):
 PSYoungGen      total 163840K, used 45685K [0x0000000755580000, 0x0000000764100000, 0x00000007c0000000)
  eden space 113664K, 0% used [0x0000000755580000,0x0000000755580000,0x000000075c480000)
  from space 50176K, 91% used [0x000000075fe00000,0x0000000762a9d7b8,0x0000000762f00000)
  to   space 58880K, 0% used [0x000000075c480000,0x000000075c480000,0x000000075fe00000)
 ParOldGen       total 165888K, used 119047K [0x0000000680000000, 0x000000068a200000, 0x0000000755580000)
  object space 165888K, 71% used [0x0000000680000000,0x0000000687441df8,0x000000068a200000)
 Metaspace       used 54412K, capacity 56032K, committed 56064K, reserved 1097728K
  class space    used 7326K, capacity 7669K, committed 7680K, reserved 1048576K
}
Event: 108.447 GC heap before
{Heap before GC invocations=26 (full 3):
 PSYoungGen      total 163840K, used 159349K [0x0000000755580000, 0x0000000764100000, 0x00000007c0000000)
  eden space 113664K, 100% used [0x0000000755580000,0x000000075c480000,0x000000075c480000)
  from space 50176K, 91% used [0x000000075fe00000,0x0000000762a9d7b8,0x0000000762f00000)
  to   space 58880K, 0% used [0x000000075c480000,0x000000075c480000,0x000000075fe00000)
 ParOldGen       total 165888K, used 119047K [0x0000000680000000, 0x000000068a200000, 0x0000000755580000)
  object space 165888K, 71% used [0x0000000680000000,0x0000000687441df8,0x000000068a200000)
 Metaspace       used 54429K, capacity 56032K, committed 56064K, reserved 1097728K
  class space    used 7326K, capacity 7669K, committed 7680K, reserved 1048576K
Event: 108.626 GC heap after
Heap after GC invocations=26 (full 3):
 PSYoungGen      total 172544K, used 43951K [0x0000000755580000, 0x0000000764100000, 0x00000007c0000000)
  eden space 113664K, 0% used [0x0000000755580000,0x0000000755580000,0x000000075c480000)
  from space 58880K, 74% used [0x000000075c480000,0x000000075ef6bda8,0x000000075fe00000)
  to   space 50176K, 0% used [0x000000075fe00000,0x000000075fe00000,0x0000000762f00000)
 ParOldGen       total 165888K, used 134014K [0x0000000680000000, 0x000000068a200000, 0x0000000755580000)
  object space 165888K, 80% used [0x0000000680000000,0x00000006882df9f8,0x000000068a200000)
 Metaspace       used 54429K, capacity 56032K, committed 56064K, reserved 1097728K
  class space    used 7326K, capacity 7669K, committed 7680K, reserved 1048576K
}

